asset/build/outputs/logs/manifest-merger-debug-report.txt
-- Merging decision tree log ---
manifest
ADDED from src\main\AndroidManifest.xml:2:1-16:12
INJECTED from src\main\AndroidManifest.xml:2:1-16:12
INJECTED from src\main\AndroidManifest.xml:2:1-16:12
INJECTED from src\main\AndroidManifest.xml:2:1-16:12
INJECTED from src\main\AndroidManifest.xml:2:1-16:12
INJECTED from src\main\AndroidManifest.xml:2:1-16:12
INJECTED from src\main\AndroidManifest.xml:2:1-16:12
	package
		ADDED from src\main\AndroidManifest.xml:2:70-94
		INJECTED from src\main\AndroidManifest.xml
		INJECTED from src\main\AndroidManifest.xml
	android:versionName
		INJECTED from src\main\AndroidManifest.xml
		ADDED from src\main\AndroidManifest.xml:2:1-16:12
		INJECTED from src\main\AndroidManifest.xml
	android:versionCode
		INJECTED from src\main\AndroidManifest.xml
		ADDED from src\main\AndroidManifest.xml:2:1-16:12
		INJECTED from src\main\AndroidManifest.xml
	xmlns:android
		ADDED from src\main\AndroidManifest.xml:2:11-69
application
ADDED from src\main\AndroidManifest.xml:3:5-14:15
activity#com.sskj.asset.RechargeActivity
ADDED from src\main\AndroidManifest.xml:4:9-53
	android:name
		ADDED from src\main\AndroidManifest.xml:4:19-51
activity#com.sskj.asset.AssetRecordsActivity
ADDED from src\main\AndroidManifest.xml:5:5-67
	android:name
		ADDED from src\main\AndroidManifest.xml:5:15-65
activity#com.sskj.asset.TransferActivity
ADDED from src\main\AndroidManifest.xml:6:1-59
	android:name
		ADDED from src\main\AndroidManifest.xml:6:11-57
activity#com.sskj.asset.TransferRecordsActivity
ADDED from src\main\AndroidManifest.xml:7:1-66
	android:name
		ADDED from src\main\AndroidManifest.xml:7:11-64
activity#com.sskj.asset.WithdrawActivity
ADDED from src\main\AndroidManifest.xml:8:1-59
	android:name
		ADDED from src\main\AndroidManifest.xml:8:11-57
activity#com.sskj.asset.WithdrawRecordsActivity
ADDED from src\main\AndroidManifest.xml:9:1-66
	android:name
		ADDED from src\main\AndroidManifest.xml:9:11-64
activity#com.sskj.asset.AddressListActivity
ADDED from src\main\AndroidManifest.xml:10:1-62
	android:name
		ADDED from src\main\AndroidManifest.xml:10:11-60
activity#com.sskj.asset.InsertAddressActivity
ADDED from src\main\AndroidManifest.xml:11:1-64
	android:name
		ADDED from src\main\AndroidManifest.xml:11:11-62
activity#com.sskj.asset.AssetActivity
ADDED from src\main\AndroidManifest.xml:12:9-50
	android:name
		ADDED from src\main\AndroidManifest.xml:12:19-48
activity#com.sskj.asset.ZoomActivity
ADDED from src\main\AndroidManifest.xml:13:1-55
	android:name
		ADDED from src\main\AndroidManifest.xml:13:11-53
uses-sdk
INJECTED from src\main\AndroidManifest.xml reason: use-sdk injection requested
INJECTED from src\main\AndroidManifest.xml
INJECTED from src\main\AndroidManifest.xml
INJECTED from src\main\AndroidManifest.xml
INJECTED from src\main\AndroidManifest.xml
	android:targetSdkVersion
		INJECTED from src\main\AndroidManifest.xml
		ADDED from src\main\AndroidManifest.xml
		INJECTED from src\main\AndroidManifest.xml
	android:minSdkVersion
		INJECTED from src\main\AndroidManifest.xml
		ADDED from src\main\AndroidManifest.xml
		INJECTED from src\main\AndroidManifest.xml